<?xml version="1.0" encoding="UTF-8"?>
<testsuite xmlns:xsi="http://www.w3.org/2001/XMLSchema-instance" xsi:noNamespaceSchemaLocation="https://maven.apache.org/surefire/maven-surefire-plugin/xsd/surefire-test-report.xsd" version="3.0.2" name="TestSuite" time="12.875" tests="2" errors="0" skipped="0" failures="0">
  <properties>
[...]
</properties>
  <testcase name="verify_account_registration" classname="testCases.TC001_AccountRegisterationTest" time="3.009">
    <system-err><![CDATA[2025-12-10T11:40:45.206632600Z main INFO Starting configuration XmlConfiguration[location=C:\Users\zdhn\eclipse-workspace\Opencart\target\test-classes\log4j2.xml, lastModified=2025-11-11T11:47:27.888Z]...
2025-12-10T11:40:45.207632Z main INFO Configuration XmlConfiguration[location=C:\Users\zdhn\eclipse-workspace\Opencart\target\test-classes\log4j2.xml, lastModified=2025-11-11T11:47:27.888Z] started.
2025-12-10T11:40:45.209631Z main INFO Stopping configuration org.apache.logging.log4j.core.config.DefaultConfiguration@27ce24aa...
2025-12-10T11:40:45.209631Z main INFO Configuration org.apache.logging.log4j.core.config.DefaultConfiguration@27ce24aa stopped.
]]></system-err>
  </testcase>
  <testcase name="verify_login" classname="testCases.TC002_LoginTest" time="0.657"/>
</testsuite>